2021-02-03 18:11:54,723 WARN  [SoapUI] Missing folder [C:\Users\SmritikonaSukul\Documents\SDETLP8\AdminSwagger_Rest_proj\my-app\ext] for external libraries
2021-02-03 18:11:55,108 INFO  [DefaultSoapUICore] initialized soapui-settings from [C:\Users\SmritikonaSukul\soapui-settings.xml]
2021-02-03 18:12:00,523 INFO  [WsdlProject] Loaded project from [file:/C:/Users/SmritikonaSukul/Documents/SDETLP8/AdminSwagger_Rest_proj/my-app/REST-Project-1-soapui-project.xml]
2021-02-03 18:12:01,650 INFO  [SoapUITestCaseRunner] Running SoapUI tests in project [Cust_Rest_Project]
2021-02-03 18:12:01,652 INFO  [SoapUITestCaseRunner] Running Project [Cust_Rest_Project], runType = SEQUENTIAL
2021-02-03 18:12:01,679 INFO  [SoapUITestCaseRunner] Running SoapUI testcase [TC_001]
2021-02-03 18:12:01,714 INFO  [SoapUITestCaseRunner] running step [Token Access]
2021-02-03 18:12:03,988 INFO  [log] bearer 308a39bc93d8a1ae33e392ffbdead787e134a9d3
2021-02-03 18:12:04,078 INFO  [log] [HTTP/1.1 200 OK]
2021-02-03 18:12:04,092 INFO  [SoapUITestCaseRunner] Assertion [Script Assertion] has status VALID
2021-02-03 18:12:04,093 INFO  [SoapUITestCaseRunner] Assertion [Valid HTTP Status Codes] has status VALID
2021-02-03 18:12:04,093 INFO  [SoapUITestCaseRunner] Assertion [Script Assertion_HTTP_Status] has status VALID
2021-02-03 18:12:04,095 INFO  [SoapUITestCaseRunner] Finished running SoapUI testcase [TC_001], time taken: 1114ms, status: FINISHED
2021-02-03 18:12:04,102 INFO  [SoapUITestCaseRunner] Running SoapUI testcase [TC_002]
2021-02-03 18:12:04,104 INFO  [SoapUITestCaseRunner] running step [Properties]
2021-02-03 18:12:04,173 INFO  [SoapUITestCaseRunner] running step [Groovy Script]
2021-02-03 18:12:04,781 INFO  [log] total number of rows containing data are 2
2021-02-03 18:12:04,800 INFO  [log] current username is upskills_admin
2021-02-03 18:12:04,800 INFO  [log] current password is Talent4$$
2021-02-03 18:12:04,818 INFO  [SoapUITestCaseRunner] running step [Login]
2021-02-03 18:12:05,263 INFO  [log] [HTTP/1.1 200 OK]
2021-02-03 18:12:05,285 INFO  [log] upskills_admin
2021-02-03 18:12:05,287 INFO  [SoapUITestCaseRunner] Assertion [Script Assertion_httpStatus] has status VALID
2021-02-03 18:12:05,287 INFO  [SoapUITestCaseRunner] Assertion [Script Assertion_username] has status VALID
2021-02-03 18:12:05,287 INFO  [SoapUITestCaseRunner] running step [GetUser]
2021-02-03 18:12:05,732 INFO  [log] [HTTP/1.1 200 OK]
2021-02-03 18:12:05,775 INFO  [log] upskills_admin
2021-02-03 18:12:05,779 INFO  [SoapUITestCaseRunner] Assertion [Script Assertion] has status VALID
2021-02-03 18:12:05,782 INFO  [SoapUITestCaseRunner] Assertion [Script Assertion 1] has status VALID
2021-02-03 18:12:05,784 INFO  [SoapUITestCaseRunner] running step [Logout]
2021-02-03 18:12:06,387 INFO  [log] [HTTP/1.1 200 OK]
2021-02-03 18:12:06,393 INFO  [SoapUITestCaseRunner] Assertion [Script Assertion] has status VALID
2021-02-03 18:12:06,394 INFO  [SoapUITestCaseRunner] Finished running SoapUI testcase [TC_002], time taken: 2083ms, status: FINISHED
2021-02-03 18:12:06,402 INFO  [SoapUITestCaseRunner] Running SoapUI testcase [TC_026]
2021-02-03 18:12:06,403 INFO  [SoapUITestCaseRunner] running step [Properties]
2021-02-03 18:12:06,407 INFO  [SoapUITestCaseRunner] running step [Groovy Script_login]
2021-02-03 18:12:06,799 INFO  [log] total number of rows containing data are 2
2021-02-03 18:12:06,800 INFO  [log] current username is upskills_admin
2021-02-03 18:12:06,802 INFO  [log] current password is Talent4$$
2021-02-03 18:12:06,808 INFO  [SoapUITestCaseRunner] running step [Login]
2021-02-03 18:12:07,255 INFO  [log] [HTTP/1.1 200 OK]
2021-02-03 18:12:07,300 INFO  [log] upskills_admin
2021-02-03 18:12:07,302 INFO  [SoapUITestCaseRunner] Assertion [Script Assertion_httpstatus] has status VALID
2021-02-03 18:12:07,305 INFO  [SoapUITestCaseRunner] Assertion [Script Assertion_username] has status VALID
2021-02-03 18:12:07,309 INFO  [SoapUITestCaseRunner] running step [Groovy Script_Create_Cust]
2021-02-03 18:12:07,621 INFO  [log] total number of rows containing data are 2
2021-02-03 18:12:07,622 INFO  [log] current name is Computers & Accessories
2021-02-03 18:12:07,624 INFO  [log] current title is Computers & Accessories
2021-02-03 18:12:07,628 INFO  [log] current description is Description of the Computers & Accessories
2021-02-03 18:12:07,629 INFO  [SoapUITestCaseRunner] running step [Create Category]
2021-02-03 18:12:08,085 INFO  [log] [HTTP/1.1 200 OK]
2021-02-03 18:12:08,087 INFO  [SoapUITestCaseRunner] Assertion [Script Assertion] has status VALID
2021-02-03 18:12:08,092 INFO  [SoapUITestCaseRunner] running step [Groovy Script  Parent _ID_Custome_prop]
2021-02-03 18:12:08,168 INFO  [log] 2196
2021-02-03 18:12:08,181 INFO  [SoapUITestCaseRunner] running step [Groovy Script Create Prod]
2021-02-03 18:12:08,407 INFO  [log] total number of rows containing data are 2
2021-02-03 18:12:08,414 INFO  [log] current model is Lenovo Ideapad Laptop
2021-02-03 18:12:08,414 INFO  [log] current keyword is 1000
2021-02-03 18:12:08,415 INFO  [log] current keyword is 44000
2021-02-03 18:12:08,418 INFO  [log] current keyword is Lenovo IdeaPad S100
2021-02-03 18:12:08,419 INFO  [log] current keyword is Lenovo IdeaPad S100
2021-02-03 18:12:08,422 INFO  [SoapUITestCaseRunner] running step [Create Product]
2021-02-03 18:12:08,876 INFO  [log] [HTTP/1.1 200 OK]
2021-02-03 18:12:08,878 INFO  [SoapUITestCaseRunner] Assertion [Script Assertion] has status VALID
2021-02-03 18:12:08,882 INFO  [SoapUITestCaseRunner] running step [Logout]
2021-02-03 18:12:09,332 INFO  [log] [HTTP/1.1 200 OK]
2021-02-03 18:12:09,336 INFO  [SoapUITestCaseRunner] Assertion [Script Assertion] has status VALID
2021-02-03 18:12:09,340 INFO  [SoapUITestCaseRunner] running step [Groovy Script  Product_ID_Custom_Prop]
2021-02-03 18:12:09,406 INFO  [log] 3452
2021-02-03 18:12:09,408 INFO  [SoapUITestCaseRunner] Finished running SoapUI testcase [TC_026], time taken: 2717ms, status: FINISHED
2021-02-03 18:12:09,417 INFO  [SoapUITestCaseRunner] Project [Cust_Rest_Project] finished with status [FINISHED] in 7756ms
